<?xml version="1.0" encoding="UTF-8"?>
<!-- Generated by org.testng.reporters.JUnitXMLReporter -->
<testsuite hostname="DESKTOP-OLOBH5L" ignored="0" name="GroceryTest" tests="5" failures="0" timestamp="2022-06-08T16:29:48 IST" time="12.346" errors="0">
  <testcase name="homeIconTest" time="0.08" classname="com.qa.testcase.HomePageTest"/>
  <testcase name="menuDisplayTest" time="0.059" classname="com.qa.testcase.HomePageTest"/>
  <testcase name="pushMenuTest" time="0.17" classname="com.qa.testcase.HomePageTest"/>
  <testcase name="footerTest" time="0.23" classname="com.qa.testcase.HomePageTest"/>
  <testcase name="closeTest" time="0.813" classname="com.qa.testcase.HomePageTest"/>
</testsuite> <!-- GroceryTest -->
